2022-12-07 16:47:19,235 DEBUG Horse: Создание Horse, имя [Буцефал], скорость [2.4]
2022-12-07 16:47:19,253 DEBUG Horse: Создание Horse, имя [Туз Пик], скорость [2.5]
2022-12-07 16:47:19,253 DEBUG Horse: Создание Horse, имя [Зефир], скорость [2.6]
2022-12-07 16:47:19,254 DEBUG Horse: Создание Horse, имя [Пожар], скорость [2.7]
2022-12-07 16:47:19,254 DEBUG Horse: Создание Horse, имя [Лобстер], скорость [2.8]
2022-12-07 16:47:19,255 DEBUG Horse: Создание Horse, имя [Пегас], скорость [2.9]
2022-12-07 16:47:19,256 DEBUG Horse: Создание Horse, имя [Вишня], скорость [3.0]
2022-12-07 16:47:19,259 DEBUG Hippodrome: Создание Hippodrome, лошадей [7]
2022-12-07 16:47:19,260 INFO Main: Начало скачек. Количество участников: 7
2022-12-07 16:47:19,883 INFO Main: Окончание скачек. Победитель: Вишня
2022-12-07 16:47:50,949 DEBUG Horse: Создание Horse, имя [Буцефал], скорость [2.4]
2022-12-07 16:47:50,951 DEBUG Horse: Создание Horse, имя [Туз Пик], скорость [2.5]
2022-12-07 16:47:50,951 DEBUG Horse: Создание Horse, имя [Зефир], скорость [2.6]
2022-12-07 16:47:50,951 DEBUG Horse: Создание Horse, имя [Пожар], скорость [2.7]
2022-12-07 16:47:50,951 DEBUG Horse: Создание Horse, имя [Лобстер], скорость [2.8]
2022-12-07 16:47:50,951 DEBUG Horse: Создание Horse, имя [Пегас], скорость [2.9]
2022-12-07 16:47:50,951 DEBUG Horse: Создание Horse, имя [Вишня], скорость [3.0]
2022-12-07 16:47:50,952 DEBUG Hippodrome: Создание Hippodrome, лошадей [7]
2022-12-07 16:47:50,952 INFO Main: Начало скачек. Количество участников: 7
2022-12-07 16:47:51,554 INFO Main: Окончание скачек. Победитель: Пегас
2022-12-07 16:47:56,739 DEBUG Horse: Создание Horse, имя [Буцефал], скорость [2.4]
2022-12-07 16:47:56,741 DEBUG Horse: Создание Horse, имя [Туз Пик], скорость [2.5]
2022-12-07 16:47:56,741 DEBUG Horse: Создание Horse, имя [Зефир], скорость [2.6]
2022-12-07 16:47:56,741 DEBUG Horse: Создание Horse, имя [Пожар], скорость [2.7]
2022-12-07 16:47:56,742 DEBUG Horse: Создание Horse, имя [Лобстер], скорость [2.8]
2022-12-07 16:47:56,742 DEBUG Horse: Создание Horse, имя [Пегас], скорость [2.9]
2022-12-07 16:47:56,742 DEBUG Horse: Создание Horse, имя [Вишня], скорость [3.0]
2022-12-07 16:47:56,742 DEBUG Hippodrome: Создание Hippodrome, лошадей [7]
2022-12-07 16:47:56,742 INFO Main: Начало скачек. Количество участников: 7
2022-12-07 16:47:57,345 INFO Main: Окончание скачек. Победитель: Вишня
2022-11-19 16:50:42,818 DEBUG Horse: Создание Horse, имя [Буцефал], скорость [2.4]
2022-11-19 16:50:42,821 DEBUG Horse: Создание Horse, имя [Туз Пик], скорость [2.5]
2022-11-19 16:50:42,821 DEBUG Horse: Создание Horse, имя [Зефир], скорость [2.6]
2022-11-19 16:50:42,821 DEBUG Horse: Создание Horse, имя [Пожар], скорость [2.7]
2022-11-19 16:50:42,821 DEBUG Horse: Создание Horse, имя [Лобстер], скорость [2.8]
2022-11-19 16:50:42,821 DEBUG Horse: Создание Horse, имя [Пегас], скорость [2.9]
2022-11-19 16:50:42,821 DEBUG Horse: Создание Horse, имя [Вишня], скорость [3.0]
2022-11-19 16:50:42,822 DEBUG Hippodrome: Создание Hippodrome, лошадей [7]
2022-11-19 16:50:42,822 INFO Main: Начало скачек. Количество участников: 7
2022-11-19 16:50:43,540 INFO Main: Окончание скачек. Победитель: Пегас
2022-11-19 16:53:37,767 DEBUG Horse: Создание Horse, имя [asd], скорость [2.0]
2022-11-19 16:53:55,215 DEBUG Horse: Создание Horse, имя [asd], скорость [2.0]
2022-11-19 16:54:22,364 DEBUG Horse: Создание Horse, имя [asd], скорость [2.0]
2022-11-19 16:54:56,502 DEBUG Horse: Создание Horse, имя [asd], скорость [2.0]
2022-11-19 16:55:16,935 DEBUG Horse: Создание Horse, имя [asd], скорость [2.0]
2022-11-19 16:55:29,336 DEBUG Horse: Создание Horse, имя [asd], скорость [2.0]
2022-11-19 17:35:52,288 DEBUG Horse: Создание Horse, имя [asd], скорость [2.0]
2022-11-19 17:38:45,341 DEBUG Horse: Создание Horse, имя [asd], скорость [2.0]
2022-11-19 18:18:26,930 DEBUG Horse: Создание Horse, имя [asd], скорость [2.0]
2022-11-20 13:11:39,801 DEBUG Horse: Создание Horse, имя [asd], скорость [2.0]
2022-11-20 13:12:05,178 DEBUG Horse: Создание Horse, имя [asd], скорость [2.0]
2022-11-20 13:12:22,693 DEBUG Horse: Создание Horse, имя [asd], скорость [2.0]
2022-11-20 13:12:56,180 DEBUG Horse: Создание Horse, имя [asd], скорость [2.0]
2022-11-20 13:13:35,126 DEBUG Horse: Создание Horse, имя [asd], скорость [2.0]
2022-11-20 13:16:12,982 DEBUG Horse: Создание Horse, имя [Буцефал], скорость [2.4]
2022-11-20 13:16:12,984 DEBUG Horse: Создание Horse, имя [Туз Пик], скорость [2.5]
2022-11-20 13:16:12,985 DEBUG Horse: Создание Horse, имя [Зефир], скорость [2.6]
2022-11-20 13:16:12,985 DEBUG Horse: Создание Horse, имя [Пожар], скорость [2.7]
2022-11-20 13:16:12,985 DEBUG Horse: Создание Horse, имя [Лобстер], скорость [2.8]
2022-11-20 13:16:12,985 DEBUG Horse: Создание Horse, имя [Пегас], скорость [2.9]
2022-11-20 13:16:12,985 DEBUG Horse: Создание Horse, имя [Вишня], скорость [3.0]
2022-11-20 13:16:12,992 DEBUG Hippodrome: Создание Hippodrome, лошадей [7]
2022-11-20 13:16:12,992 INFO Main: Начало скачек. Количество участников: 7
2022-11-20 13:16:13,610 INFO Main: Окончание скачек. Победитель: Пегас
